2015-09-22 16:28:55,759  WARN [ModalContext] - ScalaProject - Project Handin1 has platform default sourceLevel.
2015-09-22 16:28:55,761  WARN [ModalContext] - ScalaProject - Project Handin1 runs on platform default installation.
2015-09-22 16:28:56,459  WARN [ModalContext] - ScalaProject - Project Handin1 has platform default sourceLevel.
2015-09-22 16:28:56,459  WARN [ModalContext] - ScalaProject - Project Handin1 runs on platform default installation.
2015-09-22 16:28:59,604  WARN [Worker-1] - ScalaProject - Project Handin1 has platform default sourceLevel.
2015-09-22 16:28:59,614  WARN [Worker-1] - ScalaProject - Project Handin1 runs on platform default installation.
2015-09-22 16:29:02,601  WARN [Worker-7] - ScalaProject - Project Handin1 has platform default sourceLevel.
2015-09-22 16:29:02,602  WARN [Worker-7] - ScalaProject - Project Handin1 runs on platform default installation.
2015-09-22 16:29:27,622  WARN [Worker-1] - ScalaProject - Project Handin1 has platform default sourceLevel.
2015-09-22 16:29:27,624  WARN [Worker-1] - ScalaProject - Project Handin1 runs on platform default installation.
2015-09-22 16:30:00,176  WARN [Worker-19] - ScalaProject - Project Handin1 has platform default sourceLevel.
2015-09-22 16:30:00,176  WARN [Worker-19] - ScalaProject - Project Handin1 runs on platform default installation.
2015-09-22 16:30:00,192  WARN [Worker-19] - ScalaProject - Project Handin1 has platform default sourceLevel.
2015-09-22 16:30:00,193  WARN [Worker-19] - ScalaProject - Project Handin1 runs on platform default installation.
2015-09-22 16:30:00,227  WARN [Worker-19] - ScalaProject - Project Handin1 has platform default sourceLevel.
2015-09-22 16:30:00,228  WARN [Worker-19] - ScalaProject - Project Handin1 runs on platform default installation.
2015-09-22 16:30:00,536  WARN [org.scalaide.ui.internal.reconciliation.ScalaReconciler] - ScalaProject - Project Handin1 has platform default sourceLevel.
2015-09-22 16:30:00,536  WARN [org.scalaide.ui.internal.reconciliation.ScalaReconciler] - ScalaProject - Project Handin1 runs on platform default installation.
2015-09-22 16:32:39,338  WARN [main] - ScalaProject - Project Handin1 has platform default sourceLevel.
2015-09-22 16:32:39,338  WARN [main] - ScalaProject - Project Handin1 runs on platform default installation.
2015-09-22 16:32:39,373  WARN [main] - ScalaProject - Project Handin1 has platform default sourceLevel.
2015-09-22 16:32:39,373  WARN [main] - ScalaProject - Project Handin1 runs on platform default installation.
2015-09-22 16:32:39,482  WARN [main] - ScalaProject - Project Handin1 has platform default sourceLevel.
2015-09-22 16:32:39,482  WARN [main] - ScalaProject - Project Handin1 runs on platform default installation.
2015-09-22 16:32:39,503  WARN [Worker-2] - ScalaProject - Project Handin1 has platform default sourceLevel.
2015-09-22 16:32:39,503  WARN [Worker-2] - ScalaProject - Project Handin1 runs on platform default installation.
2015-09-22 16:32:39,533  WARN [Worker-2] - ScalaProject - Project Handin1 has platform default sourceLevel.
2015-09-22 16:32:39,534  WARN [Worker-2] - ScalaProject - Project Handin1 runs on platform default installation.
2015-09-22 16:32:40,020  WARN [org.scalaide.ui.internal.reconciliation.ScalaReconciler] - ScalaProject - Project Handin1 has platform default sourceLevel.
2015-09-22 16:32:40,020  WARN [org.scalaide.ui.internal.reconciliation.ScalaReconciler] - ScalaProject - Project Handin1 runs on platform default installation.
2015-09-22 16:36:04,457  WARN [ModalContext] - ScalaProject - Project Handin1 has platform default sourceLevel.
2015-09-22 16:36:04,458  WARN [ModalContext] - ScalaProject - Project Handin1 runs on platform default installation.
2015-09-22 16:36:04,484  WARN [ModalContext] - ScalaProject - Project Handin1 has platform default sourceLevel.
2015-09-22 16:36:04,484  WARN [ModalContext] - ScalaProject - Project Handin1 runs on platform default installation.
2015-09-22 16:36:24,436  WARN [ModalContext] - ScalaProject - Project Handin1 has platform default sourceLevel.
2015-09-22 16:36:24,436  WARN [ModalContext] - ScalaProject - Project Handin1 runs on platform default installation.
2015-09-22 16:36:24,521  WARN [ModalContext] - ScalaProject - Project Handin1 has platform default sourceLevel.
2015-09-22 16:36:24,521  WARN [ModalContext] - ScalaProject - Project Handin1 runs on platform default installation.
2015-09-22 16:42:40,118  WARN [ModalContext] - ScalaProject - Project Handin1 has platform default sourceLevel.
2015-09-22 16:42:40,121  WARN [ModalContext] - ScalaProject - Project Handin1 runs on platform default installation.
2015-09-22 16:42:40,138  WARN [ModalContext] - ScalaProject - Project Handin1 has platform default sourceLevel.
2015-09-22 16:42:40,138  WARN [ModalContext] - ScalaProject - Project Handin1 runs on platform default installation.
